#
# A fatal error has been detected by the Java Runtime Environment:
#
#  EXCEPTION_ACCESS_VIOLATION (0xc0000005) at pc=0x6d1670d0, pid=5600, tid=6740
#
# JRE version: 6.0_26-b03
# Java VM: Java HotSpot(TM) Client VM (20.1-b02 mixed mode, sharing windows-x86 )
# Problematic frame:
# C  [awt.dll+0xb70d0]
#
# If you would like to submit a bug report, please visit:
#   http://java.sun.com/webapps/bugreport/crash.jsp
# The crash happened outside the Java Virtual Machine in native code.
# See problematic frame for where to report the bug.
#

---------------  T H R E A D  ---------------

Current thread (0x0487e000):  JavaThread "AWT-Windows" daemon [_thread_in_native, id=6740, stack(0x04ca0000,0x04cf0000)]

siginfo: ExceptionCode=0xc0000005, reading address 0x00000000

Registers:
EAX=0x04cefaa8, EBX=0x0c08a070, ECX=0x000001ec, EDX=0x00000180
ESP=0x04cefa90, EBP=0x00000000, ESI=0x00000000, EDI=0x00000180
EIP=0x6d1670d0, EFLAGS=0x00010212

Top of Stack: (sp=0x04cefa90)
0x04cefa90:   04cefaa8 00001000 00000000 048d6fb8
0x04cefaa0:   00000001 04cefa98 04cefa9c 6d15ea9d
0x04cefab0:   00000000 00000000 048d6fb8 6d15eb6a
0x04cefac0:   00000000 048d6fb8 00000001 6d15ec6e
0x04cefad0:   048d6fb8 6d113c92 02088eb0 00000000
0x04cefae0:   6d160ba0 00000001 6d1b3f60 6d1b3940
0x04cefaf0:   02088eb0 6d161fd2 6d1b3f58 6d1621b9
0x04cefb00:   6d14aa03 00000000 75731450 00001a54 

Instructions: (pc=0x6d1670d0)
0x6d1670b0:   d8 56 8b b3 10 a0 00 00 1b c0 57 25 00 f0 ff ff
0x6d1670c0:   05 00 20 00 00 50 c1 e2 05 8d 44 24 14 50 8b fa
0x6d1670d0:   8b 16 57 c1 e1 05 51 56 ff 52 2c 85 c0 0f 8c 93
0x6d1670e0:   00 00 00 8b 53 04 8b cf 8b 7c 24 10 8b c1 c1 e9 


Register to memory mapping:

EAX=0x04cefaa8 is pointing into the stack for thread: 0x0487e000
EBX=0x0c08a070 is an unknown value
ECX=0x000001ec is an unknown value
EDX=0x00000180 is an unknown value
ESP=0x04cefa90 is pointing into the stack for thread: 0x0487e000
EBP=0x00000000 is an unknown value
ESI=0x00000000 is an unknown value
EDI=0x00000180 is an unknown value


Stack: [0x04ca0000,0x04cf0000],  sp=0x04cefa90,  free space=318k
Native frames: (J=compiled Java code, j=interpreted, Vv=VM code, C=native code)
C  [awt.dll+0xb70d0]  D3DVertexCacher::Render+0x50

[error occurred during error reporting (printing native stack), id 0xc0000005]

Java frames: (J=compiled Java code, j=interpreted, Vv=VM code)
j  sun.awt.windows.WToolkit.eventLoop()V+0
j  sun.awt.windows.WToolkit.run()V+52
j  java.lang.Thread.run()V+11
v  ~StubRoutines::call_stub

---------------  P R O C E S S  ---------------

Java Threads: ( => current thread )
  0x0c2fc000 JavaThread "Thread-1" daemon [_thread_in_native, id=5496, stack(0x04f80000,0x04fd0000)]
  0x0c2fbc00 JavaThread "AWT-EventQueue-0" [_thread_blocked, id=6560, stack(0x0e690000,0x0e6e0000)]
  0x0c1db800 JavaThread "Swing-Shell" daemon [_thread_in_native, id=5916, stack(0x05990000,0x059e0000)]
  0x0c1d1c00 JavaThread "Laf-Widget fade tracker" daemon [_thread_blocked, id=6732, stack(0x05670000,0x056c0000)]
  0x0c134000 JavaThread "TimerQueue" daemon [_thread_blocked, id=5332, stack(0x05480000,0x054d0000)]
  0x047b5000 JavaThread "Thread-3" daemon [_thread_in_native, id=7108, stack(0x053f0000,0x05440000)]
  0x00219c00 JavaThread "DestroyJavaVM" [_thread_blocked, id=6896, stack(0x00220000,0x00270000)]
=>0x0487e000 JavaThread "AWT-Windows" daemon [_thread_in_native, id=6740, stack(0x04ca0000,0x04cf0000)]
  0x0487d800 JavaThread "AWT-Shutdown" [_thread_blocked, id=5188, stack(0x04bc0000,0x04c10000)]
  0x0486f400 JavaThread "Java2D Disposer" daemon [_thread_blocked, id=6840, stack(0x04a10000,0x04a60000)]
  0x020e0400 JavaThread "Low Memory Detector" daemon [_thread_blocked, id=1128, stack(0x04610000,0x04660000)]
  0x020dc000 JavaThread "C1 CompilerThread0" daemon [_thread_blocked, id=6756, stack(0x04580000,0x045d0000)]
  0x020d8c00 JavaThread "Attach Listener" daemon [_thread_blocked, id=6952, stack(0x044f0000,0x04540000)]
  0x020d5c00 JavaThread "Signal Dispatcher" daemon [_thread_blocked, id=4080, stack(0x04460000,0x044b0000)]
  0x020cec00 JavaThread "Finalizer" daemon [_thread_blocked, id=6872, stack(0x043d0000,0x04420000)]
  0x020cd800 JavaThread "Reference Handler" daemon [_thread_blocked, id=5636, stack(0x04340000,0x04390000)]

Other Threads:
  0x02092000 VMThread [stack: 0x042b0000,0x04300000] [id=5340]
  0x020f2800 WatcherThread [stack: 0x046a0000,0x046f0000] [id=5932]

VM state:not at safepoint (normal execution)

VM Mutex/Monitor currently owned by a thread: None

Heap
 def new generation   total 8640K, used 5046K [0x245a0000, 0x24ef0000, 0x29af0000)
  eden space 7744K,  62% used [0x245a0000, 0x24a53960, 0x24d30000)
  from space 896K,  25% used [0x24d30000, 0x24d69f20, 0x24e10000)
  to   space 896K,   0% used [0x24e10000, 0x24e10000, 0x24ef0000)
 tenured generation   total 18924K, used 18667K [0x29af0000, 0x2ad6b000, 0x345a0000)
   the space 18924K,  98% used [0x29af0000, 0x2ad2ad60, 0x2ad2ae00, 0x2ad6b000)
 compacting perm gen  total 12288K, used 12099K [0x345a0000, 0x351a0000, 0x385a0000)
   the space 12288K,  98% used [0x345a0000, 0x35170c90, 0x35170e00, 0x351a0000)
    ro space 10240K,  54% used [0x385a0000, 0x38b1eb78, 0x38b1ec00, 0x38fa0000)
    rw space 12288K,  55% used [0x38fa0000, 0x396449c8, 0x39644a00, 0x39ba0000)

Code Cache  [0x02160000, 0x02560000, 0x04160000)
 total_blobs=2484 nmethods=2199 adapters=218 free_code_cache=29378240 largest_free_block=256

Dynamic libraries:
0x00400000 - 0x00424000 	C:\Program Files (x86)\Java\jdk1.6.0_26\bin\java.exe
0x77ae0000 - 0x77c60000 	C:\Windows\SysWOW64\ntdll.dll
0x75720000 - 0x75830000 	C:\Windows\syswow64\kernel32.dll
0x764e0000 - 0x76526000 	C:\Windows\syswow64\KERNELBASE.dll
0x75680000 - 0x75720000 	C:\Windows\syswow64\ADVAPI32.dll
0x75db0000 - 0x75e5c000 	C:\Windows\syswow64\msvcrt.dll
0x75660000 - 0x75679000 	C:\Windows\SysWOW64\sechost.dll
0x75830000 - 0x75920000 	C:\Windows\syswow64\RPCRT4.dll
0x751d0000 - 0x75230000 	C:\Windows\syswow64\SspiCli.dll
0x751c0000 - 0x751cc000 	C:\Windows\syswow64\CRYPTBASE.dll
0x7c340000 - 0x7c396000 	C:\Program Files (x86)\Java\jdk1.6.0_26\jre\bin\msvcr71.dll
0x6d8a0000 - 0x6db4f000 	C:\Program Files (x86)\Java\jdk1.6.0_26\jre\bin\client\jvm.dll
0x75250000 - 0x75350000 	C:\Windows\syswow64\USER32.dll
0x75a40000 - 0x75ad0000 	C:\Windows\syswow64\GDI32.dll
0x75ad0000 - 0x75ada000 	C:\Windows\syswow64\LPK.dll
0x76530000 - 0x765cd000 	C:\Windows\syswow64\USP10.dll
0x73840000 - 0x73872000 	C:\Windows\system32\WINMM.dll
0x760e0000 - 0x76140000 	C:\Windows\system32\IMM32.DLL
0x75f30000 - 0x75ffc000 	C:\Windows\syswow64\MSCTF.dll
0x73750000 - 0x7379c000 	C:\Windows\system32\apphelp.dll
0x6d850000 - 0x6d85c000 	C:\Program Files (x86)\Java\jdk1.6.0_26\jre\bin\verify.dll
0x6d3d0000 - 0x6d3ef000 	C:\Program Files (x86)\Java\jdk1.6.0_26\jre\bin\java.dll
0x75c00000 - 0x75c05000 	C:\Windows\system32\PSAPI.DLL
0x6d890000 - 0x6d89f000 	C:\Program Files (x86)\Java\jdk1.6.0_26\jre\bin\zip.dll
0x6d0b0000 - 0x6d1fb000 	C:\Program Files (x86)\Java\jdk1.6.0_26\jre\bin\awt.dll
0x75090000 - 0x750e1000 	C:\Windows\system32\WINSPOOL.DRV
0x75360000 - 0x754bc000 	C:\Windows\syswow64\ole32.dll
0x73160000 - 0x732fe000 	C:\Windows\WinSxS\x86_microsoft.windows.common-controls_6595b64144ccf1df_6.0.7601.17514_none_41e6975e2bd6f2b2\COMCTL32.dll
0x75ba0000 - 0x75bf7000 	C:\Windows\syswow64\SHLWAPI.dll
0x736c0000 - 0x73744000 	C:\Windows\WinSxS\x86_microsoft.windows.common-controls_6595b64144ccf1df_5.82.7601.17514_none_ec83dffa859149af\comctl32.dll
0x72ef0000 - 0x72f03000 	C:\Windows\system32\DWMAPI.DLL
0x70f60000 - 0x70fe0000 	C:\Windows\system32\uxtheme.dll
0x6d6b0000 - 0x6d6c3000 	C:\Program Files (x86)\Java\jdk1.6.0_26\jre\bin\net.dll
0x75e60000 - 0x75e95000 	C:\Windows\syswow64\WS2_32.dll
0x75350000 - 0x75356000 	C:\Windows\syswow64\NSI.dll
0x73c60000 - 0x73c9c000 	C:\Windows\system32\mswsock.dll
0x737f0000 - 0x737f6000 	C:\Windows\System32\wship6.dll
0x73980000 - 0x73990000 	C:\Windows\system32\NLAapi.dll
0x73970000 - 0x73980000 	C:\Windows\system32\napinsp.dll
0x73950000 - 0x73962000 	C:\Windows\system32\pnrpnsp.dll
0x73920000 - 0x73947000 	C:\Program Files (x86)\Common Files\Microsoft Shared\Windows Live\WLIDNSP.DLL
0x738d0000 - 0x73914000 	C:\Windows\system32\DNSAPI.dll
0x738c0000 - 0x738c8000 	C:\Windows\System32\winrnr.dll
0x737e0000 - 0x737e5000 	C:\Windows\System32\wshtcpip.dll
0x736a0000 - 0x736bc000 	C:\Windows\system32\IPHLPAPI.DLL
0x73690000 - 0x73697000 	C:\Windows\system32\WINNSI.DLL
0x73680000 - 0x73686000 	C:\Windows\system32\rasadhlp.dll
0x73640000 - 0x73678000 	C:\Windows\System32\fwpuclnt.dll
0x735c0000 - 0x735d6000 	C:\Windows\system32\CRYPTSP.dll
0x73550000 - 0x7358b000 	C:\Windows\system32\rsaenh.dll
0x73480000 - 0x73497000 	C:\Windows\system32\USERENV.dll
0x73470000 - 0x7347b000 	C:\Windows\system32\profapi.dll
0x765d0000 - 0x7721a000 	C:\Windows\system32\shell32.dll
0x6d2e0000 - 0x6d32f000 	C:\Program Files (x86)\Java\jdk1.6.0_26\jre\bin\fontmanager.dll
0x6d6d0000 - 0x6d6d9000 	C:\Program Files (x86)\Java\jdk1.6.0_26\jre\bin\nio.dll
0x057c0000 - 0x05983000 	C:\Windows\system32\d3d9.dll
0x750f0000 - 0x750f9000 	C:\Windows\system32\VERSION.dll
0x003f0000 - 0x003f6000 	C:\Windows\system32\d3d8thk.dll
0x696c0000 - 0x698ad000 	C:\Windows\system32\atklumdisp.dll
0x76310000 - 0x764ad000 	C:\Windows\syswow64\SETUPAPI.dll
0x764b0000 - 0x764d7000 	C:\Windows\syswow64\CFGMGR32.dll
0x75ea0000 - 0x75f2f000 	C:\Windows\syswow64\OLEAUT32.dll
0x75230000 - 0x75242000 	C:\Windows\syswow64\DEVOBJ.dll
0x68b40000 - 0x696bf000 	C:\Windows\system32\nvd3dum.dll
0x05150000 - 0x05175000 	C:\Windows\system32\powrprof.dll
0x6d250000 - 0x6d273000 	C:\Program Files (x86)\Java\jdk1.6.0_26\jre\bin\dcpr.dll
0x75b10000 - 0x75b93000 	C:\Windows\syswow64\CLBCatQ.DLL
0x73060000 - 0x73155000 	C:\Windows\system32\propsys.dll
0x75060000 - 0x75081000 	C:\Windows\system32\ntmarta.dll
0x75d60000 - 0x75da5000 	C:\Windows\syswow64\WLDAP32.dll
0x6c7b0000 - 0x6c948000 	C:\Windows\system32\NetworkExplorer.dll
0x68ae0000 - 0x68b0e000 	C:\Windows\System32\shdocvw.dll
0x734c0000 - 0x734ca000 	C:\Windows\system32\slc.dll
0x735e0000 - 0x735f2000 	C:\Windows\system32\MPR.dll
0x742c0000 - 0x742c8000 	C:\Windows\System32\drprov.dll
0x73800000 - 0x73829000 	C:\Windows\System32\WINSTA.dll
0x742a0000 - 0x742b4000 	C:\Windows\System32\ntlanman.dll
0x74280000 - 0x74297000 	C:\Windows\System32\davclnt.dll
0x74270000 - 0x74278000 	C:\Windows\System32\DAVHLPR.dll
0x72f10000 - 0x72f1f000 	C:\Windows\system32\wkscli.dll
0x72e30000 - 0x72e3b000 	C:\Windows\system32\cscapi.dll
0x72f40000 - 0x72f49000 	C:\Windows\system32\netutils.dll
0x6b2a0000 - 0x6b4d8000 	C:\Windows\system32\wpdshext.dll
0x6efa0000 - 0x6f130000 	C:\Windows\WinSxS\x86_microsoft.windows.gdiplus_6595b64144ccf1df_1.1.7601.17514_none_72d18a4386696c80\gdiplus.dll
0x741e0000 - 0x74269000 	C:\Windows\system32\PortableDeviceApi.dll
0x75ae0000 - 0x75b0d000 	C:\Windows\syswow64\WINTRUST.dll
0x75920000 - 0x75a3d000 	C:\Windows\syswow64\CRYPT32.dll
0x77ab0000 - 0x77abc000 	C:\Windows\syswow64\MSASN1.dll
0x741b0000 - 0x741db000 	C:\Windows\system32\PortableDeviceTypes.dll
0x73de0000 - 0x73e1f000 	C:\Windows\system32\audiodev.dll
0x66160000 - 0x663c7000 	C:\Windows\system32\WMVCore.DLL
0x66580000 - 0x665bd000 	C:\Windows\system32\WMASF.DLL
0x686b0000 - 0x686e1000 	C:\Windows\system32\EhStorShell.dll
0x73ed0000 - 0x73ef2000 	C:\Windows\system32\EhStorAPI.dll
0x6d700000 - 0x6d709000 	C:\Windows\system32\LINKINFO.dll
0x687b0000 - 0x688ab000 	C:\Windows\system32\WindowsCodecs.dll
0x0d870000 - 0x0d887000 	C:\Users\Juanchisan\AppData\Roaming\Dropbox\bin\DropboxExt.14.dll
0x739a0000 - 0x73a8b000 	C:\Windows\system32\dbghelp.dll
0x7c3a0000 - 0x7c41b000 	C:\Users\Juanchisan\AppData\Roaming\Dropbox\bin\MSVCP71.dll
0x67e90000 - 0x68299000 	C:\PROGRA~2\MICROS~1\Office14\GROOVEEX.DLL
0x6f130000 - 0x6f1d3000 	C:\Windows\WinSxS\x86_microsoft.vc90.crt_1fc8b3b9a1e18e3b_9.0.30729.6161_none_50934f2ebcb7eb57\MSVCR90.dll
0x6edc0000 - 0x6ee4e000 	C:\Windows\WinSxS\x86_microsoft.vc90.crt_1fc8b3b9a1e18e3b_9.0.30729.6161_none_50934f2ebcb7eb57\MSVCP90.dll
0x68740000 - 0x6876b000 	C:\Windows\WinSxS\x86_microsoft.vc90.atl_1fc8b3b9a1e18e3b_9.0.30729.6161_none_51cd0a7abbe4e19b\ATL90.DLL
0x67a70000 - 0x67e8a000 	C:\PROGRA~2\COMMON~1\MICROS~1\OFFICE14\Cultures\office.odf
0x671f0000 - 0x67a70000 	C:\PROGRA~2\MICROS~1\Office14\3082\GrooveIntlResource.dll
0x688b0000 - 0x68920000 	C:\Windows\system32\ntshrui.dll
0x72f20000 - 0x72f39000 	C:\Windows\system32\srvcli.dll

VM Arguments:
jvm_args: -Dfile.encoding=UTF-8 
java_command: com.openbravo.pos.forms.StartPOS
Launcher Type: SUN_STANDARD

Environment Variables:
JAVA_HOME=E:\Sistema\Java\jdk1.6.0_25
CLASSPATH=.;C:\Program Files (x86)\QuickTime\QTSystem\QTJava.zip
PATH=C:\Program Files\Common Files\Microsoft Shared\Windows Live;C:\Program Files (x86)\Common Files\Microsoft Shared\Windows Live;C:\Program Files (x86)\NVIDIA Corporation\PhysX\Common;C:\Windows\system32;C:\Windows;C:\Windows\System32\Wbem;C:\Windows\System32\WindowsPowerShell\v1.0\;C:\Program Files (x86)\Windows Live\Shared;C:\Program Files (x86)\QuickTime\QTSystem\;E:\Sistema\Java\jdk1.6.0_25\bin;E:\Sistema\Java\jdk1.6.0_25\jre\bin;E:\Sistema\Java\jdk1.6.0_25\jre\bin\client;E:\Sistema\PostgreSQL\8.3\bin;C:\Program Files\TortoiseHg\;C:\Program Files\MySQL\MySQL Server 5.5\bin;
USERNAME=Juanchisan
OS=Windows_NT
PROCESSOR_IDENTIFIER=AMD64 Family 15 Model 107 Stepping 1, AuthenticAMD



---------------  S Y S T E M  ---------------

OS: Windows 7 Build 7601 Service Pack 1

CPU:total 2 (2 cores per cpu, 1 threads per core) family 15 model 107 stepping 1, cmov, cx8, fxsr, mmx, sse, sse2, sse3, mmxext, 3dnow, 3dnowext

Memory: 4k page, physical 2095608k(764512k free), swap 4246512k(563924k free)

vm_info: Java HotSpot(TM) Client VM (20.1-b02) for windows-x86 JRE (1.6.0_26-b03), built on May  4 2011 00:50:59 by "java_re" with MS VC++ 7.1 (VS2003)

time: Tue Sep 13 00:19:07 2011
elapsed time: 19036 seconds

